{"/home/aurelien/repo/react-native-template/components/StyledText.tsx": {"path":"/home/aurelien/repo/react-native-template/components/StyledText.tsx","statementMap":{"0":{"start":{"line":6,"column":2},"end":{"line":6,"column":81}}},"fnMap":{"0":{"name":"MonoText","decl":{"start":{"line":5,"column":16},"end":{"line":5,"column":24}},"loc":{"start":{"line":5,"column":43},"end":{"line":7,"column":1}},"line":5}},"branchMap":{},"s":{"0":1},"f":{"0":1},"b":{},"_coverageSchema":"1a1c01bbd47fc00a2c39e90264f33305004495a9","hash":"9fbf3deaa7c6fe58e6bea0576acbd761200f26ce"}
,"/home/aurelien/repo/react-native-template/components/Themed.tsx": {"path":"/home/aurelien/repo/react-native-template/components/Themed.tsx","statementMap":{"0":{"start":{"line":11,"column":16},"end":{"line":11,"column":32}},"1":{"start":{"line":12,"column":25},"end":{"line":12,"column":37}},"2":{"start":{"line":14,"column":2},"end":{"line":18,"column":3}},"3":{"start":{"line":15,"column":4},"end":{"line":15,"column":26}},"4":{"start":{"line":17,"column":4},"end":{"line":17,"column":36}},"5":{"start":{"line":30,"column":58},"end":{"line":30,"column":63}},"6":{"start":{"line":31,"column":16},"end":{"line":31,"column":77}},"7":{"start":{"line":33,"column":2},"end":{"line":33,"column":68}},"8":{"start":{"line":37,"column":58},"end":{"line":37,"column":63}},"9":{"start":{"line":38,"column":26},"end":{"line":38,"column":93}},"10":{"start":{"line":40,"column":2},"end":{"line":40,"column":78}}},"fnMap":{"0":{"name":"useThemeColor","decl":{"start":{"line":7,"column":16},"end":{"line":7,"column":29}},"loc":{"start":{"line":10,"column":2},"end":{"line":19,"column":1}},"line":10},"1":{"name":"Text","decl":{"start":{"line":29,"column":16},"end":{"line":29,"column":20}},"loc":{"start":{"line":29,"column":39},"end":{"line":34,"column":1}},"line":29},"2":{"name":"View","decl":{"start":{"line":36,"column":16},"end":{"line":36,"column":20}},"loc":{"start":{"line":36,"column":39},"end":{"line":41,"column":1}},"line":36}},"branchMap":{"0":{"loc":{"start":{"line":14,"column":2},"end":{"line":18,"column":3}},"type":"if","locations":[{"start":{"line":14,"column":2},"end":{"line":18,"column":3}},{"start":{"line":14,"column":2},"end":{"line":18,"column":3}}],"line":14}},"s":{"0":1,"1":1,"2":1,"3":0,"4":1,"5":1,"6":1,"7":1,"8":0,"9":0,"10":0},"f":{"0":1,"1":1,"2":0},"b":{"0":[0,1]},"_coverageSchema":"1a1c01bbd47fc00a2c39e90264f33305004495a9","hash":"86b9f9e17d9339ef50c06e21c37fb2889135f056"}
,"/home/aurelien/repo/react-native-template/constants/Colors.ts": {"path":"/home/aurelien/repo/react-native-template/constants/Colors.ts","statementMap":{"0":{"start":{"line":1,"column":23},"end":{"line":1,"column":32}},"1":{"start":{"line":2,"column":22},"end":{"line":2,"column":28}}},"fnMap":{},"branchMap":{},"s":{"0":1,"1":1},"f":{},"b":{},"_coverageSchema":"1a1c01bbd47fc00a2c39e90264f33305004495a9","hash":"848e59c40a23800b1b524f3815bc35df99e91654"}
,"/home/aurelien/repo/react-native-template/hooks/useColorScheme.ts": {"path":"/home/aurelien/repo/react-native-template/hooks/useColorScheme.ts","statementMap":{"0":{"start":{"line":7,"column":2},"end":{"line":7,"column":59}}},"fnMap":{"0":{"name":"useColorScheme","decl":{"start":{"line":6,"column":24},"end":{"line":6,"column":38}},"loc":{"start":{"line":6,"column":71},"end":{"line":8,"column":1}},"line":6}},"branchMap":{},"s":{"0":1},"f":{"0":1},"b":{},"_coverageSchema":"1a1c01bbd47fc00a2c39e90264f33305004495a9","hash":"5fb5c5cc5f90482243a34fbd2054240ba7eab1b8"}
}
