TN:
SF:components/StyledText.tsx
FN:5,MonoText
FNF:1
FNH:1
FNDA:1,MonoText
DA:6,1
LF:1
LH:1
BRF:0
BRH:0
end_of_record
TN:
SF:components/Themed.tsx
FN:7,useThemeColor
FN:29,Text
FN:36,View
FNF:3
FNH:2
FNDA:1,useThemeColor
FNDA:1,Text
FNDA:0,View
DA:11,1
DA:12,1
DA:14,1
DA:15,0
DA:17,1
DA:30,1
DA:31,1
DA:33,1
DA:37,0
DA:38,0
DA:40,0
LF:11
LH:7
BRDA:14,0,0,0
BRDA:14,0,1,1
BRF:2
BRH:1
end_of_record
TN:
SF:constants/Colors.ts
FNF:0
FNH:0
DA:1,1
DA:2,1
LF:2
LH:2
BRF:0
BRH:0
end_of_record
TN:
SF:hooks/useColorScheme.ts
FN:6,useColorScheme
FNF:1
FNH:1
FNDA:1,useColorScheme
DA:7,1
LF:1
LH:1
BRF:0
BRH:0
end_of_record
